============================= test session starts ==============================
platform darwin -- Python 3.13.3, pytest-9.0.3, pluggy-1.6.0 -- /Users/mani/Projects/akshitha-portfolio/projects/constitutional-ai-mini/.venv/bin/python3
cachedir: .pytest_cache
rootdir: /Users/mani/Projects/akshitha-portfolio/projects/constitutional-ai-mini
configfile: pyproject.toml
testpaths: tests
plugins: cov-7.1.0
collecting ... collected 5 items

tests/test_critic.py::test_clean_response_no_flags PASSED                [ 20%]
tests/test_critic.py::test_insult_triggers_respect PASSED                [ 40%]
tests/test_reviser.py::test_revise_redacts_forbidden_marker PASSED       [ 60%]
tests/test_reviser.py::test_revise_clean_response_unchanged PASSED       [ 80%]
tests/test_runner.py::test_runner_smoke PASSED                           [100%]

============================== 5 passed in 0.44s ===============================
